  [4;36;1mSQL (0.3ms)[0m   [0;1mSET NAMES 'utf8'[0m
  [4;35;1mSQL (0.2ms)[0m   [0mSET SQL_AUTO_IS_NULL=0[0m
  [4;36;1mSQL (115.4ms)[0m   [0;1mSHOW TABLES[0m
  [4;35;1mSQL (369.4ms)[0m   [0mCREATE TABLE `schema_migrations` (`version` varchar(255) NOT NULL) ENGINE=InnoDB[0m
  [4;36;1mSQL (136.2ms)[0m   [0;1mCREATE UNIQUE INDEX `unique_schema_migrations` ON `schema_migrations` (`version`)[0m
  [4;35;1mSQL (0.4ms)[0m   [0mSHOW TABLES[0m
  [4;36;1mSQL (29.7ms)[0m   [0;1mSELECT version FROM schema_migrations[0m
Migrating to CreateUsers (20100401043917)
  [4;35;1mSQL (9.4ms)[0m   [0mCREATE TABLE `users` (`id` int(11) DEFAULT NULL auto_increment PRIMARY KEY, `username` varchar(255), `hash_password` varchar(255), `salt` varchar(255), `fullname` varchar(255), `position_id` int(11), `sex` tinyint(1), `email` varchar(255), `is_admin` tinyint(1), `is_blocked` tinyint(1), `can_not_delete` tinyint(1), `mobile_phone` varchar(255), `address` text, `description` text, `created_at` datetime, `updated_at` datetime) ENGINE=InnoDB[0m
  [4;36;1mSQL (88.7ms)[0m   [0;1mINSERT INTO schema_migrations (version) VALUES ('20100401043917')[0m
Migrating to CreatePositions (20100401043925)
  [4;35;1mSQL (5.4ms)[0m   [0mCREATE TABLE `positions` (`id` int(11) DEFAULT NULL auto_increment PRIMARY KEY, `name` varchar(255), `description` text, `created_at` datetime, `updated_at` datetime) ENGINE=InnoDB[0m
  [4;36;1mSQL (0.9ms)[0m   [0;1mINSERT INTO schema_migrations (version) VALUES ('20100401043925')[0m
Migrating to CreateRoles (20100401043931)
  [4;35;1mSQL (15.6ms)[0m   [0mCREATE TABLE `roles` (`id` int(11) DEFAULT NULL auto_increment PRIMARY KEY, `name` varchar(255), `can_not_delete` tinyint(1), `description` text, `created_at` datetime, `updated_at` datetime) ENGINE=InnoDB[0m
  [4;36;1mSQL (1.3ms)[0m   [0;1mINSERT INTO schema_migrations (version) VALUES ('20100401043931')[0m
Migrating to CreateUserRoles (20100401043938)
  [4;35;1mSQL (5.0ms)[0m   [0mCREATE TABLE `user_roles` (`id` int(11) DEFAULT NULL auto_increment PRIMARY KEY, `user_id` int(11), `role_id` int(11), `created_at` datetime, `updated_at` datetime) ENGINE=InnoDB[0m
  [4;36;1mSQL (0.9ms)[0m   [0;1mINSERT INTO schema_migrations (version) VALUES ('20100401043938')[0m
Migrating to CreateMaterialTypes (20100401044139)
  [4;35;1mSQL (12.9ms)[0m   [0mCREATE TABLE `material_types` (`id` int(11) DEFAULT NULL auto_increment PRIMARY KEY, `code` varchar(255), `name` varchar(255), `description` text, `created_at` datetime, `updated_at` datetime) ENGINE=InnoDB[0m
  [4;36;1mSQL (1.0ms)[0m   [0;1mINSERT INTO schema_migrations (version) VALUES ('20100401044139')[0m
Migrating to CreateWeightUnits (20100401044147)
  [4;35;1mSQL (4.1ms)[0m   [0mCREATE TABLE `weight_units` (`id` int(11) DEFAULT NULL auto_increment PRIMARY KEY, `name` varchar(255), `description` text, `created_at` datetime, `updated_at` datetime) ENGINE=InnoDB[0m
  [4;36;1mSQL (1.1ms)[0m   [0;1mINSERT INTO schema_migrations (version) VALUES ('20100401044147')[0m
Migrating to CreateQuantityUnits (20100401044156)
  [4;35;1mSQL (7.4ms)[0m   [0mCREATE TABLE `quantity_units` (`id` int(11) DEFAULT NULL auto_increment PRIMARY KEY, `name` varchar(255), `description` text, `created_at` datetime, `updated_at` datetime) ENGINE=InnoDB[0m
  [4;36;1mSQL (1.5ms)[0m   [0;1mINSERT INTO schema_migrations (version) VALUES ('20100401044156')[0m
Migrating to CreateInventoryTypes (20100401044203)
  [4;35;1mSQL (7.9ms)[0m   [0mCREATE TABLE `inventory_types` (`id` int(11) DEFAULT NULL auto_increment PRIMARY KEY, `name` varchar(255), `description` text, `created_at` datetime, `updated_at` datetime) ENGINE=InnoDB[0m
  [4;36;1mSQL (0.9ms)[0m   [0;1mINSERT INTO schema_migrations (version) VALUES ('20100401044203')[0m
Migrating to CreateMaterials (20100401044326)
  [4;35;1mSQL (39.3ms)[0m   [0mCREATE TABLE `materials` (`id` int(11) DEFAULT NULL auto_increment PRIMARY KEY, `code` varchar(255), `name` varchar(255), `description` text, `created_at` datetime, `updated_at` datetime) ENGINE=InnoDB[0m
  [4;36;1mSQL (0.9ms)[0m   [0;1mINSERT INTO schema_migrations (version) VALUES ('20100401044326')[0m
Migrating to CreateSemiProducts (20100401044332)
  [4;35;1mSQL (23.4ms)[0m   [0mCREATE TABLE `semi_products` (`id` int(11) DEFAULT NULL auto_increment PRIMARY KEY, `code` varchar(255), `name` varchar(255), `description` text, `created_at` datetime, `updated_at` datetime) ENGINE=InnoDB[0m
  [4;36;1mSQL (0.8ms)[0m   [0;1mINSERT INTO schema_migrations (version) VALUES ('20100401044332')[0m
Migrating to CreateProducts (20100401044339)
  [4;35;1mSQL (5.2ms)[0m   [0mCREATE TABLE `products` (`id` int(11) DEFAULT NULL auto_increment PRIMARY KEY, `code` varchar(255), `name` varchar(255), `description` text, `created_at` datetime, `updated_at` datetime) ENGINE=InnoDB[0m
  [4;36;1mSQL (0.8ms)[0m   [0;1mINSERT INTO schema_migrations (version) VALUES ('20100401044339')[0m
Migrating to CreateInventories (20100401044347)
  [4;35;1mSQL (5.1ms)[0m   [0mCREATE TABLE `inventories` (`id` int(11) DEFAULT NULL auto_increment PRIMARY KEY, `code` varchar(255), `name` varchar(255), `user_id` int(11), `address` varchar(255), `description` text, `created_at` datetime, `updated_at` datetime) ENGINE=InnoDB[0m
  [4;36;1mSQL (1.0ms)[0m   [0;1mINSERT INTO schema_migrations (version) VALUES ('20100401044347')[0m
Migrating to CreateInventoryDetails (20100401044353)
  [4;35;1mSQL (5.1ms)[0m   [0mCREATE TABLE `inventory_details` (`id` int(11) DEFAULT NULL auto_increment PRIMARY KEY, `inventory_id` int(11), `storage_type` int(11), `storage_id` int(11), `size` int(11), `description` text, `created_at` datetime, `updated_at` datetime) ENGINE=InnoDB[0m
  [4;36;1mSQL (8.0ms)[0m   [0;1mINSERT INTO schema_migrations (version) VALUES ('20100401044353')[0m
Migrating to CreateMaterialExchanges (20100401044437)
  [4;35;1mSQL (5.6ms)[0m   [0mCREATE TABLE `material_exchanges` (`id` int(11) DEFAULT NULL auto_increment PRIMARY KEY, `type` int(11), `inventory_id` int(11), `material_id` int(11), `weight_unit_id` int(11), `size` int(11), `reason` text, `created_date` datetime, `created_by` int(11), `description` text, `created_at` datetime, `updated_at` datetime) ENGINE=InnoDB[0m
  [4;36;1mSQL (0.9ms)[0m   [0;1mINSERT INTO schema_migrations (version) VALUES ('20100401044437')[0m
Migrating to CreateSemiProductExchanges (20100401044443)
  [4;35;1mSQL (8.8ms)[0m   [0mCREATE TABLE `semi_product_exchanges` (`id` int(11) DEFAULT NULL auto_increment PRIMARY KEY, `type` int(11), `inventory_id` int(11), `semi_product_id` int(11), `weight_unit_id` int(11), `size` int(11), `reason` text, `created_date` datetime, `created_by` int(11), `description` text, `created_at` datetime, `updated_at` datetime) ENGINE=InnoDB[0m
  [4;36;1mSQL (1.0ms)[0m   [0;1mINSERT INTO schema_migrations (version) VALUES ('20100401044443')[0m
Migrating to CreateProductExchanges (20100401044449)
  [4;35;1mSQL (4.9ms)[0m   [0mCREATE TABLE `product_exchanges` (`id` int(11) DEFAULT NULL auto_increment PRIMARY KEY, `type` int(11), `inventory_id` int(11), `product_id` int(11), `quantity_unit_id` int(11), `size` int(11), `reason` text, `created_date` datetime, `created_by` int(11), `description` text, `created_at` datetime, `updated_at` datetime) ENGINE=InnoDB[0m
  [4;36;1mSQL (0.9ms)[0m   [0;1mINSERT INTO schema_migrations (version) VALUES ('20100401044449')[0m
  [4;35;1mSQL (0.8ms)[0m   [0mSHOW TABLES[0m
  [4;36;1mSQL (0.3ms)[0m   [0;1mSELECT version FROM schema_migrations[0m
  [4;35;1mSQL (0.5ms)[0m   [0mSHOW TABLES[0m
  [4;36;1mSQL (38.3ms)[0m   [0;1mSHOW FIELDS FROM `inventories`[0m
  [4;35;1mSQL (2.0ms)[0m   [0mdescribe `inventories`[0m
  [4;36;1mSQL (0.4ms)[0m   [0;1mSHOW KEYS FROM `inventories`[0m
  [4;35;1mSQL (1.7ms)[0m   [0mSHOW FIELDS FROM `inventory_details`[0m
  [4;36;1mSQL (1.5ms)[0m   [0;1mdescribe `inventory_details`[0m
  [4;35;1mSQL (0.4ms)[0m   [0mSHOW KEYS FROM `inventory_details`[0m
  [4;36;1mSQL (1.5ms)[0m   [0;1mSHOW FIELDS FROM `inventory_types`[0m
  [4;35;1mSQL (1.3ms)[0m   [0mdescribe `inventory_types`[0m
  [4;36;1mSQL (0.4ms)[0m   [0;1mSHOW KEYS FROM `inventory_types`[0m
  [4;35;1mSQL (2.0ms)[0m   [0mSHOW FIELDS FROM `material_exchanges`[0m
  [4;36;1mSQL (1.9ms)[0m   [0;1mdescribe `material_exchanges`[0m
  [4;35;1mSQL (1.2ms)[0m   [0mSHOW KEYS FROM `material_exchanges`[0m
  [4;36;1mSQL (1.7ms)[0m   [0;1mSHOW FIELDS FROM `material_types`[0m
  [4;35;1mSQL (1.4ms)[0m   [0mdescribe `material_types`[0m
  [4;36;1mSQL (0.4ms)[0m   [0;1mSHOW KEYS FROM `material_types`[0m
  [4;35;1mSQL (1.6ms)[0m   [0mSHOW FIELDS FROM `materials`[0m
  [4;36;1mSQL (1.4ms)[0m   [0;1mdescribe `materials`[0m
  [4;35;1mSQL (0.6ms)[0m   [0mSHOW KEYS FROM `materials`[0m
  [4;36;1mSQL (1.5ms)[0m   [0;1mSHOW FIELDS FROM `positions`[0m
  [4;35;1mSQL (1.3ms)[0m   [0mdescribe `positions`[0m
  [4;36;1mSQL (0.4ms)[0m   [0;1mSHOW KEYS FROM `positions`[0m
  [4;35;1mSQL (2.0ms)[0m   [0mSHOW FIELDS FROM `product_exchanges`[0m
  [4;36;1mSQL (1.9ms)[0m   [0;1mdescribe `product_exchanges`[0m
  [4;35;1mSQL (0.4ms)[0m   [0mSHOW KEYS FROM `product_exchanges`[0m
  [4;36;1mSQL (1.6ms)[0m   [0;1mSHOW FIELDS FROM `products`[0m
  [4;35;1mSQL (1.4ms)[0m   [0mdescribe `products`[0m
  [4;36;1mSQL (0.4ms)[0m   [0;1mSHOW KEYS FROM `products`[0m
  [4;35;1mSQL (1.5ms)[0m   [0mSHOW FIELDS FROM `quantity_units`[0m
  [4;36;1mSQL (1.3ms)[0m   [0;1mdescribe `quantity_units`[0m
  [4;35;1mSQL (0.4ms)[0m   [0mSHOW KEYS FROM `quantity_units`[0m
  [4;36;1mSQL (1.5ms)[0m   [0;1mSHOW FIELDS FROM `roles`[0m
  [4;35;1mSQL (1.4ms)[0m   [0mdescribe `roles`[0m
  [4;36;1mSQL (0.4ms)[0m   [0;1mSHOW KEYS FROM `roles`[0m
  [4;35;1mSQL (2.1ms)[0m   [0mSHOW FIELDS FROM `semi_product_exchanges`[0m
  [4;36;1mSQL (1.1ms)[0m   [0;1mdescribe `semi_product_exchanges`[0m
  [4;35;1mSQL (0.2ms)[0m   [0mSHOW KEYS FROM `semi_product_exchanges`[0m
  [4;36;1mSQL (0.6ms)[0m   [0;1mSHOW FIELDS FROM `semi_products`[0m
  [4;35;1mSQL (0.5ms)[0m   [0mdescribe `semi_products`[0m
  [4;36;1mSQL (0.2ms)[0m   [0;1mSHOW KEYS FROM `semi_products`[0m
  [4;35;1mSQL (0.6ms)[0m   [0mSHOW FIELDS FROM `user_roles`[0m
  [4;36;1mSQL (0.5ms)[0m   [0;1mdescribe `user_roles`[0m
  [4;35;1mSQL (0.2ms)[0m   [0mSHOW KEYS FROM `user_roles`[0m
  [4;36;1mSQL (0.9ms)[0m   [0;1mSHOW FIELDS FROM `users`[0m
  [4;35;1mSQL (0.8ms)[0m   [0mdescribe `users`[0m
  [4;36;1mSQL (0.2ms)[0m   [0;1mSHOW KEYS FROM `users`[0m
  [4;35;1mSQL (1.9ms)[0m   [0mSHOW FIELDS FROM `weight_units`[0m
  [4;36;1mSQL (1.4ms)[0m   [0;1mdescribe `weight_units`[0m
  [4;35;1mSQL (0.4ms)[0m   [0mSHOW KEYS FROM `weight_units`[0m
  [4;36;1mSQL (0.2ms)[0m   [0;1mSET NAMES 'utf8'[0m
  [4;35;1mSQL (0.1ms)[0m   [0mSET SQL_AUTO_IS_NULL=0[0m


Processing Rails::InfoController#properties (for ::ffff:127.0.0.1 at 2010-04-01 13:50:04) [GET]
  [4;36;1mSQL (0.8ms)[0m   [0;1mSHOW TABLES[0m
  [4;35;1mSQL (0.3ms)[0m   [0mSELECT version FROM schema_migrations[0m
Completed in 55ms (View: 10, DB: 1) | 200 OK [http://localhost/rails/info/properties]
  [4;36;1mSQL (0.1ms)[0m   [0;1mSET NAMES 'utf8'[0m
  [4;35;1mSQL (0.1ms)[0m   [0mSET SQL_AUTO_IS_NULL=0[0m
  [4;36;1mSQL (0.3ms)[0m   [0;1mSHOW TABLES[0m
  [4;35;1mSQL (0.2ms)[0m   [0mSELECT version FROM schema_migrations[0m
Migrating to CreateUsers (20100401043917)
Migrating to CreatePositions (20100401043925)
Migrating to CreateRoles (20100401043931)
Migrating to CreateUserRoles (20100401043938)
Migrating to CreateMaterialTypes (20100401044139)
Migrating to CreateWeightUnits (20100401044147)
Migrating to CreateQuantityUnits (20100401044156)
Migrating to CreateInventoryTypes (20100401044203)
Migrating to CreateMaterials (20100401044326)
Migrating to CreateSemiProducts (20100401044332)
Migrating to CreateProducts (20100401044339)
Migrating to CreateInventories (20100401044347)
Migrating to CreateInventoryDetails (20100401044353)
Migrating to CreateMaterialExchanges (20100401044437)
Migrating to CreateSemiProductExchanges (20100401044443)
Migrating to CreateProductExchanges (20100401044449)
Migrating to AddMarterialTypeToMaterials (20100401075708)
  [4;36;1mSQL (198.2ms)[0m   [0;1mALTER TABLE `materials` ADD `material_type_id` int(11)[0m
  [4;35;1mSQL (0.8ms)[0m   [0mINSERT INTO schema_migrations (version) VALUES ('20100401075708')[0m
  [4;36;1mSQL (0.6ms)[0m   [0;1mSHOW TABLES[0m
  [4;35;1mSQL (0.3ms)[0m   [0mSELECT version FROM schema_migrations[0m
  [4;36;1mSQL (0.5ms)[0m   [0;1mSHOW TABLES[0m
  [4;35;1mSQL (1.7ms)[0m   [0mSHOW FIELDS FROM `inventories`[0m
  [4;36;1mSQL (1.4ms)[0m   [0;1mdescribe `inventories`[0m
  [4;35;1mSQL (0.8ms)[0m   [0mSHOW KEYS FROM `inventories`[0m
  [4;36;1mSQL (1.4ms)[0m   [0;1mSHOW FIELDS FROM `inventory_details`[0m
  [4;35;1mSQL (1.6ms)[0m   [0mdescribe `inventory_details`[0m
  [4;36;1mSQL (0.6ms)[0m   [0;1mSHOW KEYS FROM `inventory_details`[0m
  [4;35;1mSQL (1.2ms)[0m   [0mSHOW FIELDS FROM `inventory_types`[0m
  [4;36;1mSQL (1.2ms)[0m   [0;1mdescribe `inventory_types`[0m
  [4;35;1mSQL (0.2ms)[0m   [0mSHOW KEYS FROM `inventory_types`[0m
  [4;36;1mSQL (0.6ms)[0m   [0;1mSHOW FIELDS FROM `material_exchanges`[0m
  [4;35;1mSQL (0.7ms)[0m   [0mdescribe `material_exchanges`[0m
  [4;36;1mSQL (0.2ms)[0m   [0;1mSHOW KEYS FROM `material_exchanges`[0m
  [4;35;1mSQL (0.5ms)[0m   [0mSHOW FIELDS FROM `material_types`[0m
  [4;36;1mSQL (0.6ms)[0m   [0;1mdescribe `material_types`[0m
  [4;35;1mSQL (0.2ms)[0m   [0mSHOW KEYS FROM `material_types`[0m
  [4;36;1mSQL (0.6ms)[0m   [0;1mSHOW FIELDS FROM `materials`[0m
  [4;35;1mSQL (0.6ms)[0m   [0mdescribe `materials`[0m
  [4;36;1mSQL (0.2ms)[0m   [0;1mSHOW KEYS FROM `materials`[0m
  [4;35;1mSQL (0.4ms)[0m   [0mSHOW FIELDS FROM `positions`[0m
  [4;36;1mSQL (0.5ms)[0m   [0;1mdescribe `positions`[0m
  [4;35;1mSQL (0.2ms)[0m   [0mSHOW KEYS FROM `positions`[0m
  [4;36;1mSQL (0.6ms)[0m   [0;1mSHOW FIELDS FROM `product_exchanges`[0m
  [4;35;1mSQL (0.7ms)[0m   [0mdescribe `product_exchanges`[0m
  [4;36;1mSQL (0.2ms)[0m   [0;1mSHOW KEYS FROM `product_exchanges`[0m
  [4;35;1mSQL (0.5ms)[0m   [0mSHOW FIELDS FROM `products`[0m
  [4;36;1mSQL (0.5ms)[0m   [0;1mdescribe `products`[0m
  [4;35;1mSQL (0.2ms)[0m   [0mSHOW KEYS FROM `products`[0m
  [4;36;1mSQL (0.4ms)[0m   [0;1mSHOW FIELDS FROM `quantity_units`[0m
  [4;35;1mSQL (0.5ms)[0m   [0mdescribe `quantity_units`[0m
  [4;36;1mSQL (0.2ms)[0m   [0;1mSHOW KEYS FROM `quantity_units`[0m
  [4;35;1mSQL (0.4ms)[0m   [0mSHOW FIELDS FROM `roles`[0m
  [4;36;1mSQL (0.5ms)[0m   [0;1mdescribe `roles`[0m
  [4;35;1mSQL (0.2ms)[0m   [0mSHOW KEYS FROM `roles`[0m
  [4;36;1mSQL (0.6ms)[0m   [0;1mSHOW FIELDS FROM `semi_product_exchanges`[0m
  [4;35;1mSQL (0.6ms)[0m   [0mdescribe `semi_product_exchanges`[0m
  [4;36;1mSQL (0.2ms)[0m   [0;1mSHOW KEYS FROM `semi_product_exchanges`[0m
  [4;35;1mSQL (0.4ms)[0m   [0mSHOW FIELDS FROM `semi_products`[0m
  [4;36;1mSQL (0.5ms)[0m   [0;1mdescribe `semi_products`[0m
  [4;35;1mSQL (0.2ms)[0m   [0mSHOW KEYS FROM `semi_products`[0m
  [4;36;1mSQL (0.4ms)[0m   [0;1mSHOW FIELDS FROM `user_roles`[0m
  [4;35;1mSQL (0.4ms)[0m   [0mdescribe `user_roles`[0m
  [4;36;1mSQL (0.2ms)[0m   [0;1mSHOW KEYS FROM `user_roles`[0m
  [4;35;1mSQL (0.7ms)[0m   [0mSHOW FIELDS FROM `users`[0m
  [4;36;1mSQL (0.7ms)[0m   [0;1mdescribe `users`[0m
  [4;35;1mSQL (0.2ms)[0m   [0mSHOW KEYS FROM `users`[0m
  [4;36;1mSQL (0.5ms)[0m   [0;1mSHOW FIELDS FROM `weight_units`[0m
  [4;35;1mSQL (0.4ms)[0m   [0mdescribe `weight_units`[0m
  [4;36;1mSQL (0.2ms)[0m   [0;1mSHOW KEYS FROM `weight_units`[0m
  [4;36;1mSQL (0.1ms)[0m   [0;1mSET NAMES 'utf8'[0m
  [4;35;1mSQL (0.0ms)[0m   [0mSET SQL_AUTO_IS_NULL=0[0m
  [4;36;1mSQL (0.3ms)[0m   [0;1mSHOW TABLES[0m
  [4;35;1mSQL (0.2ms)[0m   [0mSELECT version FROM schema_migrations[0m
Migrating to CreateUsers (20100401043917)
Migrating to CreatePositions (20100401043925)
Migrating to CreateRoles (20100401043931)
Migrating to CreateUserRoles (20100401043938)
Migrating to CreateMaterialTypes (20100401044139)
Migrating to CreateWeightUnits (20100401044147)
Migrating to CreateQuantityUnits (20100401044156)
Migrating to CreateInventoryTypes (20100401044203)
Migrating to CreateMaterials (20100401044326)
Migrating to CreateSemiProducts (20100401044332)
Migrating to CreateProducts (20100401044339)
Migrating to CreateInventories (20100401044347)
Migrating to CreateInventoryDetails (20100401044353)
Migrating to CreateMaterialExchanges (20100401044437)
Migrating to CreateSemiProductExchanges (20100401044443)
Migrating to CreateProductExchanges (20100401044449)
Migrating to AddMarterialTypeToMaterials (20100401075708)
Migrating to AddInventoryTypeToInventories (20100401080736)
  [4;36;1mSQL (45.0ms)[0m   [0;1mALTER TABLE `inventories` ADD `inventory_type_id` int(11)[0m
  [4;35;1mSQL (1.2ms)[0m   [0mINSERT INTO schema_migrations (version) VALUES ('20100401080736')[0m
  [4;36;1mSQL (0.3ms)[0m   [0;1mSHOW TABLES[0m
  [4;35;1mSQL (0.2ms)[0m   [0mSELECT version FROM schema_migrations[0m
  [4;36;1mSQL (0.2ms)[0m   [0;1mSHOW TABLES[0m
  [4;35;1mSQL (0.7ms)[0m   [0mSHOW FIELDS FROM `inventories`[0m
  [4;36;1mSQL (0.5ms)[0m   [0;1mdescribe `inventories`[0m
  [4;35;1mSQL (0.2ms)[0m   [0mSHOW KEYS FROM `inventories`[0m
  [4;36;1mSQL (0.5ms)[0m   [0;1mSHOW FIELDS FROM `inventory_details`[0m
  [4;35;1mSQL (0.5ms)[0m   [0mdescribe `inventory_details`[0m
  [4;36;1mSQL (0.2ms)[0m   [0;1mSHOW KEYS FROM `inventory_details`[0m
  [4;35;1mSQL (0.4ms)[0m   [0mSHOW FIELDS FROM `inventory_types`[0m
  [4;36;1mSQL (0.4ms)[0m   [0;1mdescribe `inventory_types`[0m
  [4;35;1mSQL (0.2ms)[0m   [0mSHOW KEYS FROM `inventory_types`[0m
  [4;36;1mSQL (1.7ms)[0m   [0;1mSHOW FIELDS FROM `material_exchanges`[0m
  [4;35;1mSQL (0.7ms)[0m   [0mdescribe `material_exchanges`[0m
  [4;36;1mSQL (0.2ms)[0m   [0;1mSHOW KEYS FROM `material_exchanges`[0m
  [4;35;1mSQL (0.5ms)[0m   [0mSHOW FIELDS FROM `material_types`[0m
  [4;36;1mSQL (0.5ms)[0m   [0;1mdescribe `material_types`[0m
  [4;35;1mSQL (0.2ms)[0m   [0mSHOW KEYS FROM `material_types`[0m
  [4;36;1mSQL (0.5ms)[0m   [0;1mSHOW FIELDS FROM `materials`[0m
  [4;35;1mSQL (0.5ms)[0m   [0mdescribe `materials`[0m
  [4;36;1mSQL (0.2ms)[0m   [0;1mSHOW KEYS FROM `materials`[0m
  [4;35;1mSQL (0.4ms)[0m   [0mSHOW FIELDS FROM `positions`[0m
  [4;36;1mSQL (0.6ms)[0m   [0;1mdescribe `positions`[0m
  [4;35;1mSQL (0.2ms)[0m   [0mSHOW KEYS FROM `positions`[0m
  [4;36;1mSQL (0.6ms)[0m   [0;1mSHOW FIELDS FROM `product_exchanges`[0m
  [4;35;1mSQL (0.7ms)[0m   [0mdescribe `product_exchanges`[0m
  [4;36;1mSQL (0.2ms)[0m   [0;1mSHOW KEYS FROM `product_exchanges`[0m
  [4;35;1mSQL (0.5ms)[0m   [0mSHOW FIELDS FROM `products`[0m
  [4;36;1mSQL (0.5ms)[0m   [0;1mdescribe `products`[0m
  [4;35;1mSQL (0.3ms)[0m   [0mSHOW KEYS FROM `products`[0m
  [4;36;1mSQL (0.4ms)[0m   [0;1mSHOW FIELDS FROM `quantity_units`[0m
  [4;35;1mSQL (0.5ms)[0m   [0mdescribe `quantity_units`[0m
  [4;36;1mSQL (0.2ms)[0m   [0;1mSHOW KEYS FROM `quantity_units`[0m
  [4;35;1mSQL (0.7ms)[0m   [0mSHOW FIELDS FROM `roles`[0m
  [4;36;1mSQL (0.5ms)[0m   [0;1mdescribe `roles`[0m
  [4;35;1mSQL (0.2ms)[0m   [0mSHOW KEYS FROM `roles`[0m
  [4;36;1mSQL (0.6ms)[0m   [0;1mSHOW FIELDS FROM `semi_product_exchanges`[0m
  [4;35;1mSQL (0.6ms)[0m   [0mdescribe `semi_product_exchanges`[0m
  [4;36;1mSQL (0.2ms)[0m   [0;1mSHOW KEYS FROM `semi_product_exchanges`[0m
  [4;35;1mSQL (0.4ms)[0m   [0mSHOW FIELDS FROM `semi_products`[0m
  [4;36;1mSQL (0.5ms)[0m   [0;1mdescribe `semi_products`[0m
  [4;35;1mSQL (0.2ms)[0m   [0mSHOW KEYS FROM `semi_products`[0m
  [4;36;1mSQL (0.4ms)[0m   [0;1mSHOW FIELDS FROM `user_roles`[0m
  [4;35;1mSQL (0.5ms)[0m   [0mdescribe `user_roles`[0m
  [4;36;1mSQL (0.1ms)[0m   [0;1mSHOW KEYS FROM `user_roles`[0m
  [4;35;1mSQL (0.7ms)[0m   [0mSHOW FIELDS FROM `users`[0m
  [4;36;1mSQL (0.7ms)[0m   [0;1mdescribe `users`[0m
  [4;35;1mSQL (0.2ms)[0m   [0mSHOW KEYS FROM `users`[0m
  [4;36;1mSQL (0.4ms)[0m   [0;1mSHOW FIELDS FROM `weight_units`[0m
  [4;35;1mSQL (0.4ms)[0m   [0mdescribe `weight_units`[0m
  [4;36;1mSQL (0.2ms)[0m   [0;1mSHOW KEYS FROM `weight_units`[0m
  [4;36;1mSQL (27.2ms)[0m   [0;1mSET NAMES 'utf8'[0m
  [4;35;1mSQL (0.3ms)[0m   [0mSET SQL_AUTO_IS_NULL=0[0m


Processing UsersController#index (for ::ffff:127.0.0.1 at 2010-04-02 15:42:20) [GET]
  [4;36;1mUser Load (195.0ms)[0m   [0;1mSELECT * FROM `users` [0m
Rendering users/index
Completed in 353ms (View: 134, DB: 223) | 200 OK [http://localhost/users]
  [4;35;1mSQL (0.1ms)[0m   [0mSET NAMES 'utf8'[0m
  [4;36;1mSQL (0.0ms)[0m   [0;1mSET SQL_AUTO_IS_NULL=0[0m


Processing UsersController#new (for ::ffff:127.0.0.1 at 2010-04-02 15:42:22) [GET]
  [4;35;1mUser Columns (1.5ms)[0m   [0mSHOW FIELDS FROM `users`[0m
Rendering users/new
Completed in 89ms (View: 81, DB: 2) | 200 OK [http://localhost/users/new]
  [4;36;1mSQL (0.2ms)[0m   [0;1mSET NAMES 'utf8'[0m
  [4;35;1mSQL (0.1ms)[0m   [0mSET SQL_AUTO_IS_NULL=0[0m


Processing UsersController#index (for ::ffff:127.0.0.1 at 2010-04-02 15:47:57) [GET]
  [4;36;1mUser Load (0.3ms)[0m   [0;1mSELECT * FROM `users` [0m
Rendering template within layouts/master
Rendering users/index
Completed in 70ms (View: 56, DB: 1) | 200 OK [http://localhost/users]
  [4;35;1mSQL (0.1ms)[0m   [0mSET NAMES 'utf8'[0m
  [4;36;1mSQL (0.1ms)[0m   [0;1mSET SQL_AUTO_IS_NULL=0[0m


Processing UsersController#index (for ::ffff:127.0.0.1 at 2010-04-02 15:48:56) [GET]
  [4;35;1mUser Load (0.3ms)[0m   [0mSELECT * FROM `users` [0m
Rendering template within layouts/master
Rendering users/index
Completed in 14ms (View: 6, DB: 0) | 200 OK [http://localhost/users]
  [4;36;1mSQL (0.1ms)[0m   [0;1mSET NAMES 'utf8'[0m
  [4;35;1mSQL (0.0ms)[0m   [0mSET SQL_AUTO_IS_NULL=0[0m


Processing UsersController#index (for ::ffff:127.0.0.1 at 2010-04-02 15:50:50) [GET]
  [4;36;1mUser Load (0.2ms)[0m   [0;1mSELECT * FROM `users` [0m
Rendering template within layouts/master
Rendering users/index
Completed in 9ms (View: 3, DB: 0) | 200 OK [http://localhost/users]
  [4;35;1mSQL (0.1ms)[0m   [0mSET NAMES 'utf8'[0m
  [4;36;1mSQL (0.1ms)[0m   [0;1mSET SQL_AUTO_IS_NULL=0[0m


Processing UsersController#new (for ::ffff:127.0.0.1 at 2010-04-02 15:50:52) [GET]
  [4;35;1mUser Columns (2.7ms)[0m   [0mSHOW FIELDS FROM `users`[0m
Rendering template within layouts/master
Rendering users/new
Rendered users/_form (9.4ms)
Completed in 24ms (View: 16, DB: 3) | 200 OK [http://localhost/users/new]
  [4;36;1mSQL (0.1ms)[0m   [0;1mSET NAMES 'utf8'[0m
  [4;35;1mSQL (0.0ms)[0m   [0mSET SQL_AUTO_IS_NULL=0[0m


Processing UsersController#new (for ::ffff:127.0.0.1 at 2010-04-02 15:51:03) [GET]
  [4;36;1mUser Columns (2.4ms)[0m   [0;1mSHOW FIELDS FROM `users`[0m
Rendering template within layouts/master
Rendering users/new
Rendered users/_form (8.9ms)
Completed in 21ms (View: 13, DB: 3) | 200 OK [http://localhost/users/new]
  [4;35;1mSQL (0.1ms)[0m   [0mSET NAMES 'utf8'[0m
  [4;36;1mSQL (0.1ms)[0m   [0;1mSET SQL_AUTO_IS_NULL=0[0m


Processing UsersController#new (for ::ffff:127.0.0.1 at 2010-04-02 15:51:55) [GET]
  [4;35;1mUser Columns (1.1ms)[0m   [0mSHOW FIELDS FROM `users`[0m
Rendering template within layouts/master
Rendering users/new
Rendered users/_form (8.6ms)
Completed in 20ms (View: 13, DB: 1) | 200 OK [http://localhost/users/new]
  [4;36;1mSQL (0.1ms)[0m   [0;1mSET NAMES 'utf8'[0m
  [4;35;1mSQL (0.1ms)[0m   [0mSET SQL_AUTO_IS_NULL=0[0m


Processing UsersController#create (for ::ffff:127.0.0.1 at 2010-04-02 15:52:09) [POST]
  Parameters: {"user"=>{"is_blocked"=>"0", "password_confirmation"=>"", "is_admin"=>"0", "fullname"=>"", "username"=>"", "description"=>"", "sex"=>"0", "position_id"=>"", "address"=>"", "password"=>"", "mobile_phone"=>"", "can_not_delete"=>"0", "email"=>""}, "commit"=>"Create", "authenticity_token"=>"mPlU6zCUnDt2LSOH8zEdBFBHPikq1QptYl3SiGgx5/w="}
  [4;36;1mUser Columns (1.1ms)[0m   [0;1mSHOW FIELDS FROM `users`[0m
  [4;35;1mSQL (0.1ms)[0m   [0mBEGIN[0m
  [4;36;1mUser Load (26.2ms)[0m   [0;1mSELECT `users`.id FROM `users` WHERE (`users`.`username` = BINARY '') LIMIT 1[0m
  [4;35;1mSQL (0.5ms)[0m   [0mROLLBACK[0m
Rendering template within layouts/master
Rendering users/new
Rendered users/_form (32.6ms)
Completed in 107ms (View: 38, DB: 28) | 200 OK [http://localhost/users]
  [4;36;1mSQL (0.1ms)[0m   [0;1mSET NAMES 'utf8'[0m
  [4;35;1mSQL (1.0ms)[0m   [0mSET SQL_AUTO_IS_NULL=0[0m


Processing UsersController#index (for ::ffff:127.0.0.1 at 2010-04-02 15:52:15) [GET]
  [4;36;1mUser Load (0.5ms)[0m   [0;1mSELECT * FROM `users` [0m
Rendering template within layouts/master
Rendering users/index
Completed in 8ms (View: 2, DB: 2) | 200 OK [http://localhost/users]
  [4;35;1mSQL (0.1ms)[0m   [0mSET NAMES 'utf8'[0m
  [4;36;1mSQL (0.0ms)[0m   [0;1mSET SQL_AUTO_IS_NULL=0[0m


Processing UsersController#new (for ::ffff:127.0.0.1 at 2010-04-02 15:52:17) [GET]
  [4;35;1mUser Columns (1.1ms)[0m   [0mSHOW FIELDS FROM `users`[0m
Rendering template within layouts/master
Rendering users/new
Rendered users/_form (7.0ms)
Completed in 16ms (View: 9, DB: 1) | 200 OK [http://localhost/users/new]
  [4;36;1mSQL (0.1ms)[0m   [0;1mSET NAMES 'utf8'[0m
  [4;35;1mSQL (0.1ms)[0m   [0mSET SQL_AUTO_IS_NULL=0[0m


Processing UsersController#create (for ::ffff:127.0.0.1 at 2010-04-02 15:56:54) [POST]
  Parameters: {"user"=>{"is_blocked"=>"0", "password_confirmation"=>"pass@word1", "is_admin"=>"1", "fullname"=>"PIS Administrator", "username"=>"administrator", "description"=>"", "sex"=>"1", "position_id"=>"", "address"=>"", "password"=>"pass@word1", "mobile_phone"=>"0919007807", "can_not_delete"=>"1", "email"=>"pis.simplify@gmail.com"}, "commit"=>"Create", "authenticity_token"=>"mPlU6zCUnDt2LSOH8zEdBFBHPikq1QptYl3SiGgx5/w="}
  [4;36;1mUser Columns (1.2ms)[0m   [0;1mSHOW FIELDS FROM `users`[0m

NoMethodError (undefined method `hashed_password=' for #<User:0xa941dd0>):
  app/models/user.rb:38:in `password='
  app/controllers/users_controller.rb:45:in `new'
  app/controllers/users_controller.rb:45:in `create'
  /opt/ruby-enterprise-1.8.6-20090610/lib/ruby/1.8/webrick/httpserver.rb:104:in `service'
  /opt/ruby-enterprise-1.8.6-20090610/lib/ruby/1.8/webrick/httpserver.rb:65:in `run'
  /opt/ruby-enterprise-1.8.6-20090610/lib/ruby/1.8/webrick/server.rb:173:in `start_thread'
  /opt/ruby-enterprise-1.8.6-20090610/lib/ruby/1.8/webrick/server.rb:162:in `start'
  /opt/ruby-enterprise-1.8.6-20090610/lib/ruby/1.8/webrick/server.rb:162:in `start_thread'
  /opt/ruby-enterprise-1.8.6-20090610/lib/ruby/1.8/webrick/server.rb:95:in `start'
  /opt/ruby-enterprise-1.8.6-20090610/lib/ruby/1.8/webrick/server.rb:92:in `each'
  /opt/ruby-enterprise-1.8.6-20090610/lib/ruby/1.8/webrick/server.rb:92:in `start'
  /opt/ruby-enterprise-1.8.6-20090610/lib/ruby/1.8/webrick/server.rb:23:in `start'
  /opt/ruby-enterprise-1.8.6-20090610/lib/ruby/1.8/webrick/server.rb:82:in `start'

Rendered rescues/_trace (32.5ms)
Rendered rescues/_request_and_response (1.4ms)
Rendering rescues/layout (internal_server_error)
  [4;35;1mSQL (0.2ms)[0m   [0mSET NAMES 'utf8'[0m
  [4;36;1mSQL (0.2ms)[0m   [0;1mSET SQL_AUTO_IS_NULL=0[0m


Processing UsersController#index (for ::ffff:127.0.0.1 at 2010-04-02 15:58:47) [GET]
  [4;35;1mUser Load (0.3ms)[0m   [0mSELECT * FROM `users` [0m
Rendering template within layouts/master
Rendering users/index
Completed in 8ms (View: 2, DB: 1) | 200 OK [http://localhost/users]
  [4;36;1mSQL (0.1ms)[0m   [0;1mSET NAMES 'utf8'[0m
  [4;35;1mSQL (0.1ms)[0m   [0mSET SQL_AUTO_IS_NULL=0[0m


Processing UsersController#new (for ::ffff:127.0.0.1 at 2010-04-02 15:58:48) [GET]
  [4;36;1mUser Columns (1.2ms)[0m   [0;1mSHOW FIELDS FROM `users`[0m
Rendering template within layouts/master
Rendering users/new
Rendered users/_form (6.8ms)
Completed in 16ms (View: 9, DB: 1) | 200 OK [http://localhost/users/new]
  [4;35;1mSQL (0.1ms)[0m   [0mSET NAMES 'utf8'[0m
  [4;36;1mSQL (0.1ms)[0m   [0;1mSET SQL_AUTO_IS_NULL=0[0m


Processing UsersController#create (for ::ffff:127.0.0.1 at 2010-04-02 15:59:07) [POST]
  Parameters: {"user"=>{"is_blocked"=>"0", "password_confirmation"=>"pass@word1", "is_admin"=>"1", "fullname"=>"PIS Administrator", "username"=>"administrator", "description"=>"", "sex"=>"1", "position_id"=>"", "address"=>"", "password"=>"pass@word1", "mobile_phone"=>"0919007807", "can_not_delete"=>"0", "email"=>"pis.simplify@gmail.com"}, "commit"=>"Create", "authenticity_token"=>"mPlU6zCUnDt2LSOH8zEdBFBHPikq1QptYl3SiGgx5/w="}
  [4;35;1mUser Columns (1.3ms)[0m   [0mSHOW FIELDS FROM `users`[0m
  [4;36;1mSQL (0.1ms)[0m   [0;1mBEGIN[0m
  [4;35;1mUser Load (0.2ms)[0m   [0mSELECT `users`.id FROM `users` WHERE (`users`.`username` = BINARY 'administrator') LIMIT 1[0m
  [4;36;1mUser Create (0.3ms)[0m   [0;1mINSERT INTO `users` (`salt`, `hash_password`, `is_blocked`, `updated_at`, `username`, `fullname`, `is_admin`, `position_id`, `sex`, `description`, `address`, `email`, `can_not_delete`, `mobile_phone`, `created_at`) VALUES('873757800.988633739123109', 'a95a5cac00b770f3931e6622efb5412a9786bd9a', 0, '2010-04-02 08:59:07', 'administrator', 'PIS Administrator', 1, NULL, 1, '', '', 'pis.simplify@gmail.com', 0, '0919007807', '2010-04-02 08:59:07')[0m
  [4;35;1mSQL (57.1ms)[0m   [0mCOMMIT[0m
Redirected to http://localhost:3000/users/1
Completed in 73ms (DB: 59) | 302 Found [http://localhost/users]
  [4;36;1mSQL (0.2ms)[0m   [0;1mSET NAMES 'utf8'[0m
  [4;35;1mSQL (0.1ms)[0m   [0mSET SQL_AUTO_IS_NULL=0[0m


Processing UsersController#show (for ::ffff:127.0.0.1 at 2010-04-02 15:59:07) [GET]
  Parameters: {"id"=>"1"}
  [4;36;1mUser Columns (1.0ms)[0m   [0;1mSHOW FIELDS FROM `users`[0m
  [4;35;1mUser Load (0.2ms)[0m   [0mSELECT * FROM `users` WHERE (`users`.`id` = 1) [0m
Rendering template within layouts/master
Rendering users/show
Completed in 72ms (View: 64, DB: 2) | 200 OK [http://localhost/users/1]
  [4;36;1mSQL (0.1ms)[0m   [0;1mSET NAMES 'utf8'[0m
  [4;35;1mSQL (0.1ms)[0m   [0mSET SQL_AUTO_IS_NULL=0[0m


Processing UsersController#show (for ::ffff:127.0.0.1 at 2010-04-02 15:59:20) [GET]
  Parameters: {"id"=>"1"}
  [4;36;1mUser Columns (1.1ms)[0m   [0;1mSHOW FIELDS FROM `users`[0m
  [4;35;1mUser Load (0.2ms)[0m   [0mSELECT * FROM `users` WHERE (`users`.`id` = 1) [0m
Rendering template within layouts/master
Rendering users/show
Completed in 15ms (View: 7, DB: 2) | 200 OK [http://localhost/users/1]
  [4;36;1mSQL (0.1ms)[0m   [0;1mSET NAMES 'utf8'[0m
  [4;35;1mSQL (0.1ms)[0m   [0mSET SQL_AUTO_IS_NULL=0[0m


Processing UsersController#index (for ::ffff:127.0.0.1 at 2010-04-02 15:59:26) [GET]
  [4;36;1mUser Load (0.3ms)[0m   [0;1mSELECT * FROM `users` [0m
Rendering template within layouts/master
Rendering users/index
  [4;35;1mUser Columns (1.0ms)[0m   [0mSHOW FIELDS FROM `users`[0m
Completed in 14ms (View: 6, DB: 2) | 200 OK [http://localhost/users]
  [4;36;1mSQL (0.1ms)[0m   [0;1mSET NAMES 'utf8'[0m
  [4;35;1mSQL (0.1ms)[0m   [0mSET SQL_AUTO_IS_NULL=0[0m


Processing UsersController#index (for ::ffff:127.0.0.1 at 2010-04-02 16:08:02) [GET]
Redirected to http://localhost:3000/users/log/in
Filter chain halted as [:authorize] rendered_or_redirected.
Completed in 1ms (DB: 0) | 302 Found [http://localhost/users]
  [4;36;1mSQL (0.1ms)[0m   [0;1mSET NAMES 'utf8'[0m
  [4;35;1mSQL (0.1ms)[0m   [0mSET SQL_AUTO_IS_NULL=0[0m


Processing UsersController#login (for ::ffff:127.0.0.1 at 2010-04-02 16:08:02) [GET]
  Parameters: {"method"=>{"post"=>:get}}
Rendering template within layouts/master
Rendering users/login
Completed in 8ms (View: 6, DB: 0) | 200 OK [http://localhost/users/log/in]
  [4;36;1mSQL (0.1ms)[0m   [0;1mSET NAMES 'utf8'[0m
  [4;35;1mSQL (0.0ms)[0m   [0mSET SQL_AUTO_IS_NULL=0[0m


Processing UsersController#index (for ::ffff:127.0.0.1 at 2010-04-02 16:10:57) [GET]
Redirected to http://localhost:3000/users/log/in
Filter chain halted as [:authorize] rendered_or_redirected.
Completed in 0ms (DB: 0) | 302 Found [http://localhost/users]
  [4;36;1mSQL (0.1ms)[0m   [0;1mSET NAMES 'utf8'[0m
  [4;35;1mSQL (0.0ms)[0m   [0mSET SQL_AUTO_IS_NULL=0[0m


Processing UsersController#login (for ::ffff:127.0.0.1 at 2010-04-02 16:10:57) [GET]
  Parameters: {"method"=>{"post"=>:get}}
Rendering template within layouts/master
Rendering users/login
Completed in 9ms (View: 6, DB: 0) | 200 OK [http://localhost/users/log/in]
  [4;36;1mSQL (0.1ms)[0m   [0;1mSET NAMES 'utf8'[0m
  [4;35;1mSQL (0.1ms)[0m   [0mSET SQL_AUTO_IS_NULL=0[0m


Processing UsersController#login (for ::ffff:127.0.0.1 at 2010-04-02 16:11:07) [POST]
  Parameters: {"commit"=>"Login", "authenticity_token"=>"mPlU6zCUnDt2LSOH8zEdBFBHPikq1QptYl3SiGgx5/w=", "username"=>"administrator", "password"=>""}
  [4;36;1mUser Columns (64.6ms)[0m   [0;1mSHOW FIELDS FROM `users`[0m
  [4;35;1mUser Load (0.5ms)[0m   [0mSELECT * FROM `users` WHERE (`users`.`username` = 'administrator') LIMIT 1[0m

NoMethodError (undefined method `hashed_password' for #<User:0xa627b90>):
  app/models/user.rb:46:in `authenticate'
  app/controllers/users_controller.rb:93:in `login'
  /opt/ruby-enterprise-1.8.6-20090610/lib/ruby/1.8/webrick/httpserver.rb:104:in `service'
  /opt/ruby-enterprise-1.8.6-20090610/lib/ruby/1.8/webrick/httpserver.rb:65:in `run'
  /opt/ruby-enterprise-1.8.6-20090610/lib/ruby/1.8/webrick/server.rb:173:in `start_thread'
  /opt/ruby-enterprise-1.8.6-20090610/lib/ruby/1.8/webrick/server.rb:162:in `start'
  /opt/ruby-enterprise-1.8.6-20090610/lib/ruby/1.8/webrick/server.rb:162:in `start_thread'
  /opt/ruby-enterprise-1.8.6-20090610/lib/ruby/1.8/webrick/server.rb:95:in `start'
  /opt/ruby-enterprise-1.8.6-20090610/lib/ruby/1.8/webrick/server.rb:92:in `each'
  /opt/ruby-enterprise-1.8.6-20090610/lib/ruby/1.8/webrick/server.rb:92:in `start'
  /opt/ruby-enterprise-1.8.6-20090610/lib/ruby/1.8/webrick/server.rb:23:in `start'
  /opt/ruby-enterprise-1.8.6-20090610/lib/ruby/1.8/webrick/server.rb:82:in `start'

Rendered rescues/_trace (72.5ms)
Rendered rescues/_request_and_response (0.2ms)
Rendering rescues/layout (internal_server_error)
  [4;36;1mSQL (0.1ms)[0m   [0;1mSET NAMES 'utf8'[0m
  [4;35;1mSQL (0.0ms)[0m   [0mSET SQL_AUTO_IS_NULL=0[0m


Processing UsersController#login (for ::ffff:127.0.0.1 at 2010-04-02 16:11:27) [POST]
  Parameters: {"commit"=>"Login", "authenticity_token"=>"mPlU6zCUnDt2LSOH8zEdBFBHPikq1QptYl3SiGgx5/w=", "username"=>"administrator", "password"=>""}
  [4;36;1mUser Columns (7.4ms)[0m   [0;1mSHOW FIELDS FROM `users`[0m
  [4;35;1mUser Load (0.5ms)[0m   [0mSELECT * FROM `users` WHERE (`users`.`username` = 'administrator') LIMIT 1[0m
Rendering template within layouts/master
Rendering users/login
Completed in 20ms (View: 3, DB: 8) | 200 OK [http://localhost/users/login]
  [4;36;1mSQL (0.1ms)[0m   [0;1mSET NAMES 'utf8'[0m
  [4;35;1mSQL (0.1ms)[0m   [0mSET SQL_AUTO_IS_NULL=0[0m


Processing UsersController#login (for ::ffff:127.0.0.1 at 2010-04-02 16:11:36) [POST]
  Parameters: {"commit"=>"Login", "authenticity_token"=>"mPlU6zCUnDt2LSOH8zEdBFBHPikq1QptYl3SiGgx5/w=", "username"=>"administrator", "password"=>"pass@word1"}
  [4;36;1mUser Columns (1.1ms)[0m   [0;1mSHOW FIELDS FROM `users`[0m
  [4;35;1mUser Load (0.2ms)[0m   [0mSELECT * FROM `users` WHERE (`users`.`username` = 'administrator') LIMIT 1[0m
Redirected to http://localhost:3000/
Completed in 10ms (DB: 1) | 302 Found [http://localhost/users/login]
  [4;36;1mSQL (0.1ms)[0m   [0;1mSET NAMES 'utf8'[0m
  [4;35;1mSQL (0.1ms)[0m   [0mSET SQL_AUTO_IS_NULL=0[0m


Processing UsersController#index (for ::ffff:127.0.0.1 at 2010-04-02 16:12:03) [GET]
Redirected to http://localhost:3000/
Filter chain halted as [:authorize] rendered_or_redirected.
Completed in 0ms (DB: 0) | 302 Found [http://localhost/users]
  [4;36;1mSQL (0.3ms)[0m   [0;1mSET NAMES 'utf8'[0m
  [4;35;1mSQL (0.7ms)[0m   [0mSET SQL_AUTO_IS_NULL=0[0m


Processing UsersController#dashboard (for ::ffff:127.0.0.1 at 2010-04-02 16:12:27) [GET]
Redirected to http://localhost:3000/
Filter chain halted as [:authorize] rendered_or_redirected.
Completed in 0ms (DB: 1) | 302 Found [http://localhost/]
  [4;36;1mSQL (0.1ms)[0m   [0;1mSET NAMES 'utf8'[0m
  [4;35;1mSQL (0.0ms)[0m   [0mSET SQL_AUTO_IS_NULL=0[0m


Processing UsersController#dashboard (for ::ffff:127.0.0.1 at 2010-04-02 16:12:27) [GET]
Redirected to http://localhost:3000/
Filter chain halted as [:authorize] rendered_or_redirected.
Completed in 0ms (DB: 0) | 302 Found [http://localhost/]
  [4;36;1mSQL (0.1ms)[0m   [0;1mSET NAMES 'utf8'[0m
  [4;35;1mSQL (0.1ms)[0m   [0mSET SQL_AUTO_IS_NULL=0[0m


Processing UsersController#dashboard (for ::ffff:127.0.0.1 at 2010-04-02 16:12:27) [GET]
Redirected to http://localhost:3000/
Filter chain halted as [:authorize] rendered_or_redirected.
Completed in 0ms (DB: 0) | 302 Found [http://localhost/]
  [4;36;1mSQL (0.1ms)[0m   [0;1mSET NAMES 'utf8'[0m
  [4;35;1mSQL (0.1ms)[0m   [0mSET SQL_AUTO_IS_NULL=0[0m


Processing UsersController#dashboard (for ::ffff:127.0.0.1 at 2010-04-02 16:12:27) [GET]
Redirected to http://localhost:3000/
Filter chain halted as [:authorize] rendered_or_redirected.
Completed in 0ms (DB: 0) | 302 Found [http://localhost/]
  [4;36;1mSQL (0.1ms)[0m   [0;1mSET NAMES 'utf8'[0m
  [4;35;1mSQL (0.1ms)[0m   [0mSET SQL_AUTO_IS_NULL=0[0m


Processing UsersController#dashboard (for ::ffff:127.0.0.1 at 2010-04-02 16:12:28) [GET]
Redirected to http://localhost:3000/
Filter chain halted as [:authorize] rendered_or_redirected.
Completed in 0ms (DB: 0) | 302 Found [http://localhost/]
  [4;36;1mSQL (0.1ms)[0m   [0;1mSET NAMES 'utf8'[0m
  [4;35;1mSQL (0.1ms)[0m   [0mSET SQL_AUTO_IS_NULL=0[0m


Processing UsersController#dashboard (for ::ffff:127.0.0.1 at 2010-04-02 16:12:28) [GET]
Redirected to http://localhost:3000/
Filter chain halted as [:authorize] rendered_or_redirected.
Completed in 0ms (DB: 0) | 302 Found [http://localhost/]
  [4;36;1mSQL (0.1ms)[0m   [0;1mSET NAMES 'utf8'[0m
  [4;35;1mSQL (0.1ms)[0m   [0mSET SQL_AUTO_IS_NULL=0[0m


Processing UsersController#dashboard (for ::ffff:127.0.0.1 at 2010-04-02 16:12:28) [GET]
Redirected to http://localhost:3000/
Filter chain halted as [:authorize] rendered_or_redirected.
Completed in 0ms (DB: 0) | 302 Found [http://localhost/]
  [4;36;1mSQL (0.1ms)[0m   [0;1mSET NAMES 'utf8'[0m
  [4;35;1mSQL (0.1ms)[0m   [0mSET SQL_AUTO_IS_NULL=0[0m


Processing UsersController#dashboard (for ::ffff:127.0.0.1 at 2010-04-02 16:12:28) [GET]
Redirected to http://localhost:3000/
Filter chain halted as [:authorize] rendered_or_redirected.
Completed in 1ms (DB: 0) | 302 Found [http://localhost/]
  [4;36;1mSQL (0.1ms)[0m   [0;1mSET NAMES 'utf8'[0m
  [4;35;1mSQL (0.1ms)[0m   [0mSET SQL_AUTO_IS_NULL=0[0m


Processing UsersController#dashboard (for ::ffff:127.0.0.1 at 2010-04-02 16:12:28) [GET]
Redirected to http://localhost:3000/
Filter chain halted as [:authorize] rendered_or_redirected.
Completed in 0ms (DB: 0) | 302 Found [http://localhost/]
  [4;36;1mSQL (0.2ms)[0m   [0;1mSET NAMES 'utf8'[0m
  [4;35;1mSQL (0.1ms)[0m   [0mSET SQL_AUTO_IS_NULL=0[0m


Processing UsersController#dashboard (for ::ffff:127.0.0.1 at 2010-04-02 16:12:28) [GET]
Redirected to http://localhost:3000/
Filter chain halted as [:authorize] rendered_or_redirected.
Completed in 0ms (DB: 0) | 302 Found [http://localhost/]
  [4;36;1mSQL (0.1ms)[0m   [0;1mSET NAMES 'utf8'[0m
  [4;35;1mSQL (0.1ms)[0m   [0mSET SQL_AUTO_IS_NULL=0[0m


Processing UsersController#dashboard (for ::ffff:127.0.0.1 at 2010-04-02 16:12:28) [GET]
Redirected to http://localhost:3000/
Filter chain halted as [:authorize] rendered_or_redirected.
Completed in 0ms (DB: 0) | 302 Found [http://localhost/]
  [4;36;1mSQL (0.1ms)[0m   [0;1mSET NAMES 'utf8'[0m
  [4;35;1mSQL (0.1ms)[0m   [0mSET SQL_AUTO_IS_NULL=0[0m


Processing UsersController#dashboard (for ::ffff:127.0.0.1 at 2010-04-02 16:12:28) [GET]
Redirected to http://localhost:3000/
Filter chain halted as [:authorize] rendered_or_redirected.
Completed in 0ms (DB: 0) | 302 Found [http://localhost/]
  [4;36;1mSQL (0.1ms)[0m   [0;1mSET NAMES 'utf8'[0m
  [4;35;1mSQL (0.0ms)[0m   [0mSET SQL_AUTO_IS_NULL=0[0m


Processing UsersController#dashboard (for ::ffff:127.0.0.1 at 2010-04-02 16:12:28) [GET]
Redirected to http://localhost:3000/
Filter chain halted as [:authorize] rendered_or_redirected.
Completed in 1ms (DB: 0) | 302 Found [http://localhost/]
  [4;36;1mSQL (0.1ms)[0m   [0;1mSET NAMES 'utf8'[0m
  [4;35;1mSQL (0.0ms)[0m   [0mSET SQL_AUTO_IS_NULL=0[0m


Processing UsersController#dashboard (for ::ffff:127.0.0.1 at 2010-04-02 16:12:28) [GET]
Redirected to http://localhost:3000/
Filter chain halted as [:authorize] rendered_or_redirected.
Completed in 0ms (DB: 0) | 302 Found [http://localhost/]
  [4;36;1mSQL (0.1ms)[0m   [0;1mSET NAMES 'utf8'[0m
  [4;35;1mSQL (0.1ms)[0m   [0mSET SQL_AUTO_IS_NULL=0[0m


Processing UsersController#dashboard (for ::ffff:127.0.0.1 at 2010-04-02 16:12:29) [GET]
Redirected to http://localhost:3000/
Filter chain halted as [:authorize] rendered_or_redirected.
Completed in 0ms (DB: 0) | 302 Found [http://localhost/]
  [4;36;1mSQL (0.1ms)[0m   [0;1mSET NAMES 'utf8'[0m
  [4;35;1mSQL (0.1ms)[0m   [0mSET SQL_AUTO_IS_NULL=0[0m


Processing UsersController#dashboard (for ::ffff:127.0.0.1 at 2010-04-02 16:12:29) [GET]
Redirected to http://localhost:3000/
Filter chain halted as [:authorize] rendered_or_redirected.
Completed in 0ms (DB: 0) | 302 Found [http://localhost/]
  [4;36;1mSQL (0.1ms)[0m   [0;1mSET NAMES 'utf8'[0m
  [4;35;1mSQL (0.1ms)[0m   [0mSET SQL_AUTO_IS_NULL=0[0m


Processing UsersController#dashboard (for ::ffff:127.0.0.1 at 2010-04-02 16:12:29) [GET]
Redirected to http://localhost:3000/
Filter chain halted as [:authorize] rendered_or_redirected.
Completed in 0ms (DB: 0) | 302 Found [http://localhost/]
  [4;36;1mSQL (0.1ms)[0m   [0;1mSET NAMES 'utf8'[0m
  [4;35;1mSQL (0.1ms)[0m   [0mSET SQL_AUTO_IS_NULL=0[0m


Processing UsersController#dashboard (for ::ffff:127.0.0.1 at 2010-04-02 16:12:29) [GET]
Redirected to http://localhost:3000/
Filter chain halted as [:authorize] rendered_or_redirected.
Completed in 0ms (DB: 0) | 302 Found [http://localhost/]
  [4;36;1mSQL (0.2ms)[0m   [0;1mSET NAMES 'utf8'[0m
  [4;35;1mSQL (0.2ms)[0m   [0mSET SQL_AUTO_IS_NULL=0[0m


Processing UsersController#dashboard (for ::ffff:127.0.0.1 at 2010-04-02 16:12:29) [GET]
Redirected to http://localhost:3000/
Filter chain halted as [:authorize] rendered_or_redirected.
Completed in 0ms (DB: 0) | 302 Found [http://localhost/]
  [4;36;1mSQL (0.1ms)[0m   [0;1mSET NAMES 'utf8'[0m
  [4;35;1mSQL (0.1ms)[0m   [0mSET SQL_AUTO_IS_NULL=0[0m


Processing UsersController#dashboard (for ::ffff:127.0.0.1 at 2010-04-02 16:12:29) [GET]
Redirected to http://localhost:3000/
Filter chain halted as [:authorize] rendered_or_redirected.
Completed in 0ms (DB: 0) | 302 Found [http://localhost/]
  [4;36;1mSQL (0.1ms)[0m   [0;1mSET NAMES 'utf8'[0m
  [4;35;1mSQL (0.1ms)[0m   [0mSET SQL_AUTO_IS_NULL=0[0m


Processing UsersController#dashboard (for ::ffff:127.0.0.1 at 2010-04-02 16:12:29) [GET]
Redirected to http://localhost:3000/
Filter chain halted as [:authorize] rendered_or_redirected.
Completed in 0ms (DB: 0) | 302 Found [http://localhost/]
  [4;36;1mSQL (0.1ms)[0m   [0;1mSET NAMES 'utf8'[0m
  [4;35;1mSQL (0.0ms)[0m   [0mSET SQL_AUTO_IS_NULL=0[0m


Processing UsersController#index (for ::ffff:127.0.0.1 at 2010-04-02 16:12:36) [GET]
Redirected to http://localhost:3000/
Filter chain halted as [:authorize] rendered_or_redirected.
Completed in 0ms (DB: 0) | 302 Found [http://localhost/users]
  [4;36;1mSQL (0.1ms)[0m   [0;1mSET NAMES 'utf8'[0m
  [4;35;1mSQL (0.1ms)[0m   [0mSET SQL_AUTO_IS_NULL=0[0m


Processing UsersController#dashboard (for ::ffff:127.0.0.1 at 2010-04-02 16:12:36) [GET]
Redirected to http://localhost:3000/
Filter chain halted as [:authorize] rendered_or_redirected.
Completed in 0ms (DB: 0) | 302 Found [http://localhost/]
  [4;36;1mSQL (0.1ms)[0m   [0;1mSET NAMES 'utf8'[0m
  [4;35;1mSQL (0.1ms)[0m   [0mSET SQL_AUTO_IS_NULL=0[0m


Processing UsersController#dashboard (for ::ffff:127.0.0.1 at 2010-04-02 16:12:36) [GET]
Redirected to http://localhost:3000/
Filter chain halted as [:authorize] rendered_or_redirected.
Completed in 1ms (DB: 0) | 302 Found [http://localhost/]
  [4;36;1mSQL (0.1ms)[0m   [0;1mSET NAMES 'utf8'[0m
  [4;35;1mSQL (0.1ms)[0m   [0mSET SQL_AUTO_IS_NULL=0[0m


Processing UsersController#dashboard (for ::ffff:127.0.0.1 at 2010-04-02 16:12:36) [GET]
Redirected to http://localhost:3000/
Filter chain halted as [:authorize] rendered_or_redirected.
Completed in 0ms (DB: 0) | 302 Found [http://localhost/]
  [4;36;1mSQL (0.1ms)[0m   [0;1mSET NAMES 'utf8'[0m
  [4;35;1mSQL (0.1ms)[0m   [0mSET SQL_AUTO_IS_NULL=0[0m


Processing UsersController#dashboard (for ::ffff:127.0.0.1 at 2010-04-02 16:12:36) [GET]
Redirected to http://localhost:3000/
Filter chain halted as [:authorize] rendered_or_redirected.
Completed in 0ms (DB: 0) | 302 Found [http://localhost/]
  [4;36;1mSQL (0.1ms)[0m   [0;1mSET NAMES 'utf8'[0m
  [4;35;1mSQL (0.1ms)[0m   [0mSET SQL_AUTO_IS_NULL=0[0m


Processing UsersController#dashboard (for ::ffff:127.0.0.1 at 2010-04-02 16:12:36) [GET]
Redirected to http://localhost:3000/
Filter chain halted as [:authorize] rendered_or_redirected.
Completed in 0ms (DB: 0) | 302 Found [http://localhost/]
  [4;36;1mSQL (0.1ms)[0m   [0;1mSET NAMES 'utf8'[0m
  [4;35;1mSQL (0.1ms)[0m   [0mSET SQL_AUTO_IS_NULL=0[0m


Processing UsersController#dashboard (for ::ffff:127.0.0.1 at 2010-04-02 16:12:36) [GET]
Redirected to http://localhost:3000/
Filter chain halted as [:authorize] rendered_or_redirected.
Completed in 0ms (DB: 0) | 302 Found [http://localhost/]
  [4;36;1mSQL (0.1ms)[0m   [0;1mSET NAMES 'utf8'[0m
  [4;35;1mSQL (0.1ms)[0m   [0mSET SQL_AUTO_IS_NULL=0[0m


Processing UsersController#dashboard (for ::ffff:127.0.0.1 at 2010-04-02 16:12:37) [GET]
Redirected to http://localhost:3000/
Filter chain halted as [:authorize] rendered_or_redirected.
Completed in 0ms (DB: 0) | 302 Found [http://localhost/]
  [4;36;1mSQL (0.1ms)[0m   [0;1mSET NAMES 'utf8'[0m
  [4;35;1mSQL (0.1ms)[0m   [0mSET SQL_AUTO_IS_NULL=0[0m


Processing UsersController#dashboard (for ::ffff:127.0.0.1 at 2010-04-02 16:12:37) [GET]
Redirected to http://localhost:3000/
Filter chain halted as [:authorize] rendered_or_redirected.
Completed in 0ms (DB: 0) | 302 Found [http://localhost/]
  [4;36;1mSQL (0.1ms)[0m   [0;1mSET NAMES 'utf8'[0m
  [4;35;1mSQL (0.1ms)[0m   [0mSET SQL_AUTO_IS_NULL=0[0m


Processing UsersController#dashboard (for ::ffff:127.0.0.1 at 2010-04-02 16:12:37) [GET]
Redirected to http://localhost:3000/
Filter chain halted as [:authorize] rendered_or_redirected.
Completed in 0ms (DB: 0) | 302 Found [http://localhost/]
  [4;36;1mSQL (0.1ms)[0m   [0;1mSET NAMES 'utf8'[0m
  [4;35;1mSQL (0.1ms)[0m   [0mSET SQL_AUTO_IS_NULL=0[0m


Processing UsersController#dashboard (for ::ffff:127.0.0.1 at 2010-04-02 16:12:37) [GET]
Redirected to http://localhost:3000/
Filter chain halted as [:authorize] rendered_or_redirected.
Completed in 0ms (DB: 0) | 302 Found [http://localhost/]
  [4;36;1mSQL (0.2ms)[0m   [0;1mSET NAMES 'utf8'[0m
  [4;35;1mSQL (0.2ms)[0m   [0mSET SQL_AUTO_IS_NULL=0[0m


Processing UsersController#dashboard (for ::ffff:127.0.0.1 at 2010-04-02 16:12:37) [GET]
Redirected to http://localhost:3000/
Filter chain halted as [:authorize] rendered_or_redirected.
Completed in 0ms (DB: 0) | 302 Found [http://localhost/]
  [4;36;1mSQL (0.2ms)[0m   [0;1mSET NAMES 'utf8'[0m
  [4;35;1mSQL (0.2ms)[0m   [0mSET SQL_AUTO_IS_NULL=0[0m


Processing UsersController#dashboard (for ::ffff:127.0.0.1 at 2010-04-02 16:12:37) [GET]
Redirected to http://localhost:3000/
Filter chain halted as [:authorize] rendered_or_redirected.
Completed in 0ms (DB: 0) | 302 Found [http://localhost/]
  [4;36;1mSQL (0.2ms)[0m   [0;1mSET NAMES 'utf8'[0m
  [4;35;1mSQL (0.2ms)[0m   [0mSET SQL_AUTO_IS_NULL=0[0m


Processing UsersController#dashboard (for ::ffff:127.0.0.1 at 2010-04-02 16:12:37) [GET]
Redirected to http://localhost:3000/
Filter chain halted as [:authorize] rendered_or_redirected.
Completed in 1ms (DB: 0) | 302 Found [http://localhost/]
  [4;36;1mSQL (0.2ms)[0m   [0;1mSET NAMES 'utf8'[0m
  [4;35;1mSQL (0.2ms)[0m   [0mSET SQL_AUTO_IS_NULL=0[0m


Processing UsersController#dashboard (for ::ffff:127.0.0.1 at 2010-04-02 16:12:37) [GET]
Redirected to http://localhost:3000/
Filter chain halted as [:authorize] rendered_or_redirected.
Completed in 0ms (DB: 0) | 302 Found [http://localhost/]
  [4;36;1mSQL (0.2ms)[0m   [0;1mSET NAMES 'utf8'[0m
  [4;35;1mSQL (0.2ms)[0m   [0mSET SQL_AUTO_IS_NULL=0[0m


Processing UsersController#dashboard (for ::ffff:127.0.0.1 at 2010-04-02 16:12:37) [GET]
Redirected to http://localhost:3000/
Filter chain halted as [:authorize] rendered_or_redirected.
Completed in 0ms (DB: 0) | 302 Found [http://localhost/]
  [4;36;1mSQL (0.1ms)[0m   [0;1mSET NAMES 'utf8'[0m
  [4;35;1mSQL (0.1ms)[0m   [0mSET SQL_AUTO_IS_NULL=0[0m


Processing UsersController#dashboard (for ::ffff:127.0.0.1 at 2010-04-02 16:12:37) [GET]
Redirected to http://localhost:3000/
Filter chain halted as [:authorize] rendered_or_redirected.
Completed in 0ms (DB: 0) | 302 Found [http://localhost/]
  [4;36;1mSQL (0.1ms)[0m   [0;1mSET NAMES 'utf8'[0m
  [4;35;1mSQL (0.1ms)[0m   [0mSET SQL_AUTO_IS_NULL=0[0m


Processing UsersController#dashboard (for ::ffff:127.0.0.1 at 2010-04-02 16:12:37) [GET]
Redirected to http://localhost:3000/
Filter chain halted as [:authorize] rendered_or_redirected.
Completed in 0ms (DB: 0) | 302 Found [http://localhost/]
  [4;36;1mSQL (0.1ms)[0m   [0;1mSET NAMES 'utf8'[0m
  [4;35;1mSQL (0.1ms)[0m   [0mSET SQL_AUTO_IS_NULL=0[0m


Processing UsersController#dashboard (for ::ffff:127.0.0.1 at 2010-04-02 16:12:38) [GET]
Redirected to http://localhost:3000/
Filter chain halted as [:authorize] rendered_or_redirected.
Completed in 0ms (DB: 0) | 302 Found [http://localhost/]
  [4;36;1mSQL (0.2ms)[0m   [0;1mSET NAMES 'utf8'[0m
  [4;35;1mSQL (0.1ms)[0m   [0mSET SQL_AUTO_IS_NULL=0[0m


Processing UsersController#dashboard (for ::ffff:127.0.0.1 at 2010-04-02 16:12:38) [GET]
Redirected to http://localhost:3000/
Filter chain halted as [:authorize] rendered_or_redirected.
Completed in 0ms (DB: 0) | 302 Found [http://localhost/]
  [4;36;1mSQL (0.1ms)[0m   [0;1mSET NAMES 'utf8'[0m
  [4;35;1mSQL (0.1ms)[0m   [0mSET SQL_AUTO_IS_NULL=0[0m


Processing UsersController#dashboard (for ::ffff:127.0.0.1 at 2010-04-02 16:12:38) [GET]
Redirected to http://localhost:3000/
Filter chain halted as [:authorize] rendered_or_redirected.
Completed in 1ms (DB: 0) | 302 Found [http://localhost/]
  [4;36;1mSQL (0.1ms)[0m   [0;1mSET NAMES 'utf8'[0m
  [4;35;1mSQL (0.0ms)[0m   [0mSET SQL_AUTO_IS_NULL=0[0m


Processing ApplicationController#index (for ::ffff:127.0.0.1 at 2010-04-02 16:14:03) [GET]

ActionController::RoutingError (No route matches "/" with {:method=>:get}):
  /opt/ruby-enterprise-1.8.6-20090610/lib/ruby/1.8/webrick/httpserver.rb:104:in `service'
  /opt/ruby-enterprise-1.8.6-20090610/lib/ruby/1.8/webrick/httpserver.rb:65:in `run'
  /opt/ruby-enterprise-1.8.6-20090610/lib/ruby/1.8/webrick/server.rb:173:in `start_thread'
  /opt/ruby-enterprise-1.8.6-20090610/lib/ruby/1.8/webrick/server.rb:162:in `start'
  /opt/ruby-enterprise-1.8.6-20090610/lib/ruby/1.8/webrick/server.rb:162:in `start_thread'
  /opt/ruby-enterprise-1.8.6-20090610/lib/ruby/1.8/webrick/server.rb:95:in `start'
  /opt/ruby-enterprise-1.8.6-20090610/lib/ruby/1.8/webrick/server.rb:92:in `each'
  /opt/ruby-enterprise-1.8.6-20090610/lib/ruby/1.8/webrick/server.rb:92:in `start'
  /opt/ruby-enterprise-1.8.6-20090610/lib/ruby/1.8/webrick/server.rb:23:in `start'
  /opt/ruby-enterprise-1.8.6-20090610/lib/ruby/1.8/webrick/server.rb:82:in `start'

Rendering rescues/layout (not_found)
  [4;36;1mSQL (0.1ms)[0m   [0;1mSET NAMES 'utf8'[0m
  [4;35;1mSQL (0.1ms)[0m   [0mSET SQL_AUTO_IS_NULL=0[0m


Processing UsersController#dashboard (for ::ffff:127.0.0.1 at 2010-04-02 16:14:08) [GET]
Redirected to http://localhost:3000/dashboard
Filter chain halted as [:authorize] rendered_or_redirected.
Completed in 0ms (DB: 0) | 302 Found [http://localhost/dashboard]
  [4;36;1mSQL (0.1ms)[0m   [0;1mSET NAMES 'utf8'[0m
  [4;35;1mSQL (0.1ms)[0m   [0mSET SQL_AUTO_IS_NULL=0[0m


Processing UsersController#dashboard (for ::ffff:127.0.0.1 at 2010-04-02 16:14:08) [GET]
Redirected to http://localhost:3000/dashboard
Filter chain halted as [:authorize] rendered_or_redirected.
Completed in 0ms (DB: 0) | 302 Found [http://localhost/dashboard]
  [4;36;1mSQL (0.1ms)[0m   [0;1mSET NAMES 'utf8'[0m
  [4;35;1mSQL (0.1ms)[0m   [0mSET SQL_AUTO_IS_NULL=0[0m


Processing UsersController#dashboard (for ::ffff:127.0.0.1 at 2010-04-02 16:14:08) [GET]
Redirected to http://localhost:3000/dashboard
Filter chain halted as [:authorize] rendered_or_redirected.
Completed in 1ms (DB: 0) | 302 Found [http://localhost/dashboard]
  [4;36;1mSQL (0.1ms)[0m   [0;1mSET NAMES 'utf8'[0m
  [4;35;1mSQL (0.1ms)[0m   [0mSET SQL_AUTO_IS_NULL=0[0m


Processing UsersController#dashboard (for ::ffff:127.0.0.1 at 2010-04-02 16:14:09) [GET]
Redirected to http://localhost:3000/dashboard
Filter chain halted as [:authorize] rendered_or_redirected.
Completed in 1ms (DB: 0) | 302 Found [http://localhost/dashboard]
  [4;36;1mSQL (0.3ms)[0m   [0;1mSET NAMES 'utf8'[0m
  [4;35;1mSQL (0.1ms)[0m   [0mSET SQL_AUTO_IS_NULL=0[0m


Processing UsersController#dashboard (for ::ffff:127.0.0.1 at 2010-04-02 16:14:09) [GET]
Redirected to http://localhost:3000/dashboard
Filter chain halted as [:authorize] rendered_or_redirected.
Completed in 0ms (DB: 0) | 302 Found [http://localhost/dashboard]
  [4;36;1mSQL (0.1ms)[0m   [0;1mSET NAMES 'utf8'[0m
  [4;35;1mSQL (0.1ms)[0m   [0mSET SQL_AUTO_IS_NULL=0[0m


Processing UsersController#dashboard (for ::ffff:127.0.0.1 at 2010-04-02 16:14:09) [GET]
Redirected to http://localhost:3000/dashboard
Filter chain halted as [:authorize] rendered_or_redirected.
Completed in 0ms (DB: 0) | 302 Found [http://localhost/dashboard]
  [4;36;1mSQL (0.1ms)[0m   [0;1mSET NAMES 'utf8'[0m
  [4;35;1mSQL (0.1ms)[0m   [0mSET SQL_AUTO_IS_NULL=0[0m


Processing UsersController#dashboard (for ::ffff:127.0.0.1 at 2010-04-02 16:14:09) [GET]
Redirected to http://localhost:3000/dashboard
Filter chain halted as [:authorize] rendered_or_redirected.
Completed in 0ms (DB: 0) | 302 Found [http://localhost/dashboard]
  [4;36;1mSQL (0.1ms)[0m   [0;1mSET NAMES 'utf8'[0m
  [4;35;1mSQL (0.1ms)[0m   [0mSET SQL_AUTO_IS_NULL=0[0m


Processing UsersController#dashboard (for ::ffff:127.0.0.1 at 2010-04-02 16:14:09) [GET]
Redirected to http://localhost:3000/dashboard
Filter chain halted as [:authorize] rendered_or_redirected.
Completed in 0ms (DB: 0) | 302 Found [http://localhost/dashboard]
  [4;36;1mSQL (0.1ms)[0m   [0;1mSET NAMES 'utf8'[0m
  [4;35;1mSQL (0.1ms)[0m   [0mSET SQL_AUTO_IS_NULL=0[0m


Processing UsersController#dashboard (for ::ffff:127.0.0.1 at 2010-04-02 16:14:09) [GET]
Redirected to http://localhost:3000/dashboard
Filter chain halted as [:authorize] rendered_or_redirected.
Completed in 0ms (DB: 0) | 302 Found [http://localhost/dashboard]
  [4;36;1mSQL (0.1ms)[0m   [0;1mSET NAMES 'utf8'[0m
  [4;35;1mSQL (0.1ms)[0m   [0mSET SQL_AUTO_IS_NULL=0[0m


Processing UsersController#dashboard (for ::ffff:127.0.0.1 at 2010-04-02 16:14:09) [GET]
Redirected to http://localhost:3000/dashboard
Filter chain halted as [:authorize] rendered_or_redirected.
Completed in 0ms (DB: 0) | 302 Found [http://localhost/dashboard]
  [4;36;1mSQL (0.2ms)[0m   [0;1mSET NAMES 'utf8'[0m
  [4;35;1mSQL (0.1ms)[0m   [0mSET SQL_AUTO_IS_NULL=0[0m


Processing UsersController#dashboard (for ::ffff:127.0.0.1 at 2010-04-02 16:14:09) [GET]
Redirected to http://localhost:3000/dashboard
Filter chain halted as [:authorize] rendered_or_redirected.
Completed in 0ms (DB: 0) | 302 Found [http://localhost/dashboard]
  [4;36;1mSQL (0.1ms)[0m   [0;1mSET NAMES 'utf8'[0m
  [4;35;1mSQL (0.1ms)[0m   [0mSET SQL_AUTO_IS_NULL=0[0m


Processing UsersController#dashboard (for ::ffff:127.0.0.1 at 2010-04-02 16:14:09) [GET]
Redirected to http://localhost:3000/dashboard
Filter chain halted as [:authorize] rendered_or_redirected.
Completed in 0ms (DB: 0) | 302 Found [http://localhost/dashboard]
  [4;36;1mSQL (0.1ms)[0m   [0;1mSET NAMES 'utf8'[0m
  [4;35;1mSQL (0.1ms)[0m   [0mSET SQL_AUTO_IS_NULL=0[0m


Processing UsersController#dashboard (for ::ffff:127.0.0.1 at 2010-04-02 16:14:09) [GET]
Redirected to http://localhost:3000/dashboard
Filter chain halted as [:authorize] rendered_or_redirected.
Completed in 0ms (DB: 0) | 302 Found [http://localhost/dashboard]
  [4;36;1mSQL (0.1ms)[0m   [0;1mSET NAMES 'utf8'[0m
  [4;35;1mSQL (0.1ms)[0m   [0mSET SQL_AUTO_IS_NULL=0[0m


Processing UsersController#dashboard (for ::ffff:127.0.0.1 at 2010-04-02 16:14:10) [GET]
Redirected to http://localhost:3000/dashboard
Filter chain halted as [:authorize] rendered_or_redirected.
Completed in 0ms (DB: 0) | 302 Found [http://localhost/dashboard]
  [4;36;1mSQL (0.2ms)[0m   [0;1mSET NAMES 'utf8'[0m
  [4;35;1mSQL (0.1ms)[0m   [0mSET SQL_AUTO_IS_NULL=0[0m


Processing UsersController#dashboard (for ::ffff:127.0.0.1 at 2010-04-02 16:14:10) [GET]
Redirected to http://localhost:3000/dashboard
Filter chain halted as [:authorize] rendered_or_redirected.
Completed in 0ms (DB: 0) | 302 Found [http://localhost/dashboard]
  [4;36;1mSQL (0.1ms)[0m   [0;1mSET NAMES 'utf8'[0m
  [4;35;1mSQL (0.1ms)[0m   [0mSET SQL_AUTO_IS_NULL=0[0m


Processing UsersController#dashboard (for ::ffff:127.0.0.1 at 2010-04-02 16:14:10) [GET]
Redirected to http://localhost:3000/dashboard
Filter chain halted as [:authorize] rendered_or_redirected.
Completed in 0ms (DB: 0) | 302 Found [http://localhost/dashboard]
  [4;36;1mSQL (0.1ms)[0m   [0;1mSET NAMES 'utf8'[0m
  [4;35;1mSQL (0.1ms)[0m   [0mSET SQL_AUTO_IS_NULL=0[0m


Processing UsersController#dashboard (for ::ffff:127.0.0.1 at 2010-04-02 16:14:10) [GET]
Redirected to http://localhost:3000/dashboard
Filter chain halted as [:authorize] rendered_or_redirected.
Completed in 0ms (DB: 0) | 302 Found [http://localhost/dashboard]
  [4;36;1mSQL (0.2ms)[0m   [0;1mSET NAMES 'utf8'[0m
  [4;35;1mSQL (0.1ms)[0m   [0mSET SQL_AUTO_IS_NULL=0[0m


Processing UsersController#dashboard (for ::ffff:127.0.0.1 at 2010-04-02 16:14:10) [GET]
Redirected to http://localhost:3000/dashboard
Filter chain halted as [:authorize] rendered_or_redirected.
Completed in 0ms (DB: 0) | 302 Found [http://localhost/dashboard]
  [4;36;1mSQL (0.1ms)[0m   [0;1mSET NAMES 'utf8'[0m
  [4;35;1mSQL (0.1ms)[0m   [0mSET SQL_AUTO_IS_NULL=0[0m


Processing UsersController#dashboard (for ::ffff:127.0.0.1 at 2010-04-02 16:14:10) [GET]
Redirected to http://localhost:3000/dashboard
Filter chain halted as [:authorize] rendered_or_redirected.
Completed in 0ms (DB: 0) | 302 Found [http://localhost/dashboard]
  [4;36;1mSQL (0.1ms)[0m   [0;1mSET NAMES 'utf8'[0m
  [4;35;1mSQL (0.1ms)[0m   [0mSET SQL_AUTO_IS_NULL=0[0m


Processing UsersController#dashboard (for ::ffff:127.0.0.1 at 2010-04-02 16:14:10) [GET]
Redirected to http://localhost:3000/dashboard
Filter chain halted as [:authorize] rendered_or_redirected.
Completed in 0ms (DB: 0) | 302 Found [http://localhost/dashboard]
  [4;36;1mSQL (0.2ms)[0m   [0;1mSET NAMES 'utf8'[0m
  [4;35;1mSQL (0.2ms)[0m   [0mSET SQL_AUTO_IS_NULL=0[0m


Processing UsersController#dashboard (for ::ffff:127.0.0.1 at 2010-04-02 16:14:10) [GET]
Redirected to http://localhost:3000/dashboard
Filter chain halted as [:authorize] rendered_or_redirected.
Completed in 0ms (DB: 0) | 302 Found [http://localhost/dashboard]
  [4;36;1mSQL (0.1ms)[0m   [0;1mSET NAMES 'utf8'[0m
  [4;35;1mSQL (0.1ms)[0m   [0mSET SQL_AUTO_IS_NULL=0[0m


Processing ApplicationController#index (for ::ffff:127.0.0.1 at 2010-04-02 16:15:01) [GET]

ActionController::RoutingError (No route matches "/dashboard" with {:method=>:get}):
  /opt/ruby-enterprise-1.8.6-20090610/lib/ruby/1.8/webrick/httpserver.rb:104:in `service'
  /opt/ruby-enterprise-1.8.6-20090610/lib/ruby/1.8/webrick/httpserver.rb:65:in `run'
  /opt/ruby-enterprise-1.8.6-20090610/lib/ruby/1.8/webrick/server.rb:173:in `start_thread'
  /opt/ruby-enterprise-1.8.6-20090610/lib/ruby/1.8/webrick/server.rb:162:in `start'
  /opt/ruby-enterprise-1.8.6-20090610/lib/ruby/1.8/webrick/server.rb:162:in `start_thread'
  /opt/ruby-enterprise-1.8.6-20090610/lib/ruby/1.8/webrick/server.rb:95:in `start'
  /opt/ruby-enterprise-1.8.6-20090610/lib/ruby/1.8/webrick/server.rb:92:in `each'
  /opt/ruby-enterprise-1.8.6-20090610/lib/ruby/1.8/webrick/server.rb:92:in `start'
  /opt/ruby-enterprise-1.8.6-20090610/lib/ruby/1.8/webrick/server.rb:23:in `start'
  /opt/ruby-enterprise-1.8.6-20090610/lib/ruby/1.8/webrick/server.rb:82:in `start'

Rendering rescues/layout (not_found)
  [4;36;1mSQL (0.1ms)[0m   [0;1mSET NAMES 'utf8'[0m
  [4;35;1mSQL (0.1ms)[0m   [0mSET SQL_AUTO_IS_NULL=0[0m


Processing UsersController#dashboard (for ::ffff:127.0.0.1 at 2010-04-02 16:15:06) [GET]
Rendering template within layouts/master
Rendering users/dashboard
Completed in 18ms (View: 16, DB: 0) | 200 OK [http://localhost/]
  [4;36;1mSQL (0.1ms)[0m   [0;1mSET NAMES 'utf8'[0m
  [4;35;1mSQL (0.0ms)[0m   [0mSET SQL_AUTO_IS_NULL=0[0m


Processing UsersController#index (for ::ffff:127.0.0.1 at 2010-04-02 16:15:10) [GET]

NameError (undefined local variable or method `dashboard_url' for #<UsersController:0x923e9f8>):
  app/controllers/application_controller.rb:13:in `authorize'
  /opt/ruby-enterprise-1.8.6-20090610/lib/ruby/1.8/webrick/httpserver.rb:104:in `service'
  /opt/ruby-enterprise-1.8.6-20090610/lib/ruby/1.8/webrick/httpserver.rb:65:in `run'
  /opt/ruby-enterprise-1.8.6-20090610/lib/ruby/1.8/webrick/server.rb:173:in `start_thread'
  /opt/ruby-enterprise-1.8.6-20090610/lib/ruby/1.8/webrick/server.rb:162:in `start'
  /opt/ruby-enterprise-1.8.6-20090610/lib/ruby/1.8/webrick/server.rb:162:in `start_thread'
  /opt/ruby-enterprise-1.8.6-20090610/lib/ruby/1.8/webrick/server.rb:95:in `start'
  /opt/ruby-enterprise-1.8.6-20090610/lib/ruby/1.8/webrick/server.rb:92:in `each'
  /opt/ruby-enterprise-1.8.6-20090610/lib/ruby/1.8/webrick/server.rb:92:in `start'
  /opt/ruby-enterprise-1.8.6-20090610/lib/ruby/1.8/webrick/server.rb:23:in `start'
  /opt/ruby-enterprise-1.8.6-20090610/lib/ruby/1.8/webrick/server.rb:82:in `start'

Rendered rescues/_trace (30.5ms)
Rendered rescues/_request_and_response (1.3ms)
Rendering rescues/layout (internal_server_error)
  [4;36;1mSQL (0.1ms)[0m   [0;1mSET NAMES 'utf8'[0m
  [4;35;1mSQL (0.0ms)[0m   [0mSET SQL_AUTO_IS_NULL=0[0m


Processing UsersController#index (for ::ffff:127.0.0.1 at 2010-04-02 16:15:25) [GET]
Redirected to http://localhost:3000/
Filter chain halted as [:authorize] rendered_or_redirected.
Completed in 0ms (DB: 0) | 302 Found [http://localhost/users]
  [4;36;1mSQL (0.1ms)[0m   [0;1mSET NAMES 'utf8'[0m
  [4;35;1mSQL (0.1ms)[0m   [0mSET SQL_AUTO_IS_NULL=0[0m


Processing UsersController#dashboard (for ::ffff:127.0.0.1 at 2010-04-02 16:15:25) [GET]
Rendering template within layouts/master
Rendering users/dashboard
Completed in 4ms (View: 2, DB: 0) | 200 OK [http://localhost/]
  [4;36;1mSQL (0.1ms)[0m   [0;1mSET NAMES 'utf8'[0m
  [4;35;1mSQL (0.1ms)[0m   [0mSET SQL_AUTO_IS_NULL=0[0m


Processing UsersController#index (for ::ffff:127.0.0.1 at 2010-04-02 16:15:59) [GET]
  [4;36;1mUser Load (0.3ms)[0m   [0;1mSELECT * FROM `users` [0m
Rendering template within layouts/master
Rendering users/index
  [4;35;1mUser Columns (1.2ms)[0m   [0mSHOW FIELDS FROM `users`[0m
Completed in 25ms (View: 10, DB: 2) | 200 OK [http://localhost/users]
  [4;36;1mSQL (0.1ms)[0m   [0;1mSET NAMES 'utf8'[0m
  [4;35;1mSQL (0.0ms)[0m   [0mSET SQL_AUTO_IS_NULL=0[0m


Processing UsersController#index (for ::ffff:127.0.0.1 at 2010-04-02 16:19:33) [GET]
  [4;36;1mUser Load (0.3ms)[0m   [0;1mSELECT * FROM `users` [0m
Rendering template within layouts/master
Rendering users/index
  [4;35;1mUser Columns (1.1ms)[0m   [0mSHOW FIELDS FROM `users`[0m
Completed in 16ms (View: 9, DB: 1) | 200 OK [http://localhost/users]
  [4;36;1mSQL (0.1ms)[0m   [0;1mSET NAMES 'utf8'[0m
  [4;35;1mSQL (0.1ms)[0m   [0mSET SQL_AUTO_IS_NULL=0[0m


Processing UsersController#index (for ::ffff:127.0.0.1 at 2010-04-02 16:23:26) [GET]
  [4;36;1mUser Load (0.3ms)[0m   [0;1mSELECT * FROM `users` [0m
Rendering template within layouts/master
Rendering users/index
  [4;35;1mUser Columns (1.1ms)[0m   [0mSHOW FIELDS FROM `users`[0m
Completed in 17ms (View: 10, DB: 1) | 200 OK [http://localhost/users]
  [4;36;1mSQL (0.1ms)[0m   [0;1mSET NAMES 'utf8'[0m
  [4;35;1mSQL (0.1ms)[0m   [0mSET SQL_AUTO_IS_NULL=0[0m


Processing UsersController#index (for ::ffff:127.0.0.1 at 2010-04-02 16:23:33) [GET]
  [4;36;1mUser Load (0.3ms)[0m   [0;1mSELECT * FROM `users` [0m
Rendering template within layouts/master
Rendering users/index
  [4;35;1mUser Columns (1.0ms)[0m   [0mSHOW FIELDS FROM `users`[0m
Completed in 14ms (View: 7, DB: 2) | 200 OK [http://localhost/users]
  [4;36;1mSQL (0.1ms)[0m   [0;1mSET NAMES 'utf8'[0m
  [4;35;1mSQL (0.0ms)[0m   [0mSET SQL_AUTO_IS_NULL=0[0m


Processing UsersController#index (for ::ffff:127.0.0.1 at 2010-04-02 16:24:35) [GET]
  [4;36;1mUser Load (0.3ms)[0m   [0;1mSELECT * FROM `users` [0m
Rendering template within layouts/master
Rendering users/index
  [4;35;1mUser Columns (1.0ms)[0m   [0mSHOW FIELDS FROM `users`[0m
Completed in 17ms (View: 10, DB: 1) | 200 OK [http://localhost/users]
  [4;36;1mSQL (0.1ms)[0m   [0;1mSET NAMES 'utf8'[0m
  [4;35;1mSQL (0.2ms)[0m   [0mSET SQL_AUTO_IS_NULL=0[0m


Processing UsersController#logout (for ::ffff:127.0.0.1 at 2010-04-02 16:24:49) [GET]
  Parameters: {"method"=>{"post"=>:get}}
Redirected to http://localhost:3000/users/log/in
Completed in 2ms (DB: 0) | 302 Found [http://localhost/users/log/out]
  [4;36;1mSQL (0.1ms)[0m   [0;1mSET NAMES 'utf8'[0m
  [4;35;1mSQL (0.1ms)[0m   [0mSET SQL_AUTO_IS_NULL=0[0m


Processing UsersController#login (for ::ffff:127.0.0.1 at 2010-04-02 16:24:49) [GET]
  Parameters: {"method"=>{"post"=>:get}}
Rendering template within layouts/master
Rendering users/login
Completed in 10ms (View: 8, DB: 0) | 200 OK [http://localhost/users/log/in]
  [4;36;1mSQL (0.1ms)[0m   [0;1mSET NAMES 'utf8'[0m
  [4;35;1mSQL (0.0ms)[0m   [0mSET SQL_AUTO_IS_NULL=0[0m


Processing UsersController#index (for ::ffff:127.0.0.1 at 2010-04-02 16:24:53) [GET]
Redirected to http://localhost:3000/users/log/in
Filter chain halted as [:authorize] rendered_or_redirected.
Completed in 1ms (DB: 0) | 302 Found [http://localhost/users]
  [4;36;1mSQL (0.1ms)[0m   [0;1mSET NAMES 'utf8'[0m
  [4;35;1mSQL (0.0ms)[0m   [0mSET SQL_AUTO_IS_NULL=0[0m


Processing UsersController#login (for ::ffff:127.0.0.1 at 2010-04-02 16:24:53) [GET]
  Parameters: {"method"=>{"post"=>:get}}
Rendering template within layouts/master
Rendering users/login
Completed in 5ms (View: 3, DB: 0) | 200 OK [http://localhost/users/log/in]
  [4;36;1mSQL (0.1ms)[0m   [0;1mSET NAMES 'utf8'[0m
  [4;35;1mSQL (0.1ms)[0m   [0mSET SQL_AUTO_IS_NULL=0[0m


Processing UsersController#login (for ::ffff:127.0.0.1 at 2010-04-02 16:24:59) [POST]
  Parameters: {"commit"=>"Login", "authenticity_token"=>"THhXtgYGkKM8M1UMfsBnqLS5sOSIEcFgcPF5zJgayUQ=", "username"=>"administrator", "password"=>"pass@word1"}
  [4;36;1mUser Columns (1.1ms)[0m   [0;1mSHOW FIELDS FROM `users`[0m
  [4;35;1mUser Load (0.2ms)[0m   [0mSELECT * FROM `users` WHERE (`users`.`username` = 'administrator') LIMIT 1[0m
Redirected to http://localhost:3000/
Completed in 10ms (DB: 1) | 302 Found [http://localhost/users/login]
  [4;36;1mSQL (0.2ms)[0m   [0;1mSET NAMES 'utf8'[0m
  [4;35;1mSQL (0.2ms)[0m   [0mSET SQL_AUTO_IS_NULL=0[0m


Processing UsersController#dashboard (for ::ffff:127.0.0.1 at 2010-04-02 16:24:59) [GET]
Rendering template within layouts/master
Rendering users/dashboard
Completed in 4ms (View: 3, DB: 0) | 200 OK [http://localhost/]
  [4;36;1mSQL (0.1ms)[0m   [0;1mSET NAMES 'utf8'[0m
  [4;35;1mSQL (0.0ms)[0m   [0mSET SQL_AUTO_IS_NULL=0[0m


Processing UsersController#dashboard (for ::ffff:127.0.0.1 at 2010-04-02 16:25:23) [GET]
Rendering template within layouts/master
Rendering users/dashboard
Completed in 9ms (View: 7, DB: 0) | 200 OK [http://localhost/]
  [4;36;1mSQL (0.3ms)[0m   [0;1mSET NAMES 'utf8'[0m
  [4;35;1mSQL (0.1ms)[0m   [0mSET SQL_AUTO_IS_NULL=0[0m


Processing UsersController#dashboard (for ::ffff:127.0.0.1 at 2010-04-02 16:25:38) [GET]
Rendering template within layouts/master
Rendering users/dashboard
Completed in 7ms (View: 6, DB: 0) | 200 OK [http://localhost/]
  [4;36;1mSQL (0.1ms)[0m   [0;1mSET NAMES 'utf8'[0m
  [4;35;1mSQL (0.0ms)[0m   [0mSET SQL_AUTO_IS_NULL=0[0m


Processing UsersController#logout (for ::ffff:127.0.0.1 at 2010-04-02 16:27:46) [GET]
  Parameters: {"method"=>{"post"=>:get}}
Redirected to http://localhost:3000/users/log/in
Completed in 2ms (DB: 0) | 302 Found [http://localhost/users/log/out]
  [4;36;1mSQL (0.1ms)[0m   [0;1mSET NAMES 'utf8'[0m
  [4;35;1mSQL (0.0ms)[0m   [0mSET SQL_AUTO_IS_NULL=0[0m


Processing UsersController#login (for ::ffff:127.0.0.1 at 2010-04-02 16:27:46) [GET]
  Parameters: {"method"=>{"post"=>:get}}
Rendering template within layouts/master
Rendering users/login
Completed in 5ms (View: 3, DB: 0) | 200 OK [http://localhost/users/log/in]
  [4;36;1mSQL (0.1ms)[0m   [0;1mSET NAMES 'utf8'[0m
  [4;35;1mSQL (0.0ms)[0m   [0mSET SQL_AUTO_IS_NULL=0[0m


Processing ProductsController#index (for ::ffff:127.0.0.1 at 2010-04-02 16:27:50) [GET]
Redirected to http://localhost:3000/users/log/in
Filter chain halted as [:authorize] rendered_or_redirected.
Completed in 1ms (DB: 0) | 302 Found [http://localhost/products]
  [4;36;1mSQL (0.1ms)[0m   [0;1mSET NAMES 'utf8'[0m
  [4;35;1mSQL (0.1ms)[0m   [0mSET SQL_AUTO_IS_NULL=0[0m


Processing UsersController#login (for ::ffff:127.0.0.1 at 2010-04-02 16:27:50) [GET]
  Parameters: {"method"=>{"post"=>:get}}
Rendering template within layouts/master
Rendering users/login
Completed in 5ms (View: 3, DB: 0) | 200 OK [http://localhost/users/log/in]
